# JRE version: OpenJDK Runtime Environment (8.0_151-b12) (build 1.8.0_151-8u151-b12-0ubuntu0.16.04.2-b12)
# Java VM: OpenJDK 64-Bit Server VM (25.151-b12 mixed mode linux-amd64 compressed oops)
Heap:
 PSYoungGen      total 419328K, used 49803K [0x00000000d6d80000, 0x0000000100000000, 0x0000000100000000)
  eden space 194560K, 0% used [0x00000000d6d80000,0x00000000d6d80000,0x00000000e2b80000)
  from space 224768K, 22% used [0x00000000e2b80000,0x00000000e5c22fa8,0x00000000f0700000)
  to   space 224768K, 0% used [0x00000000f2480000,0x00000000f2480000,0x0000000100000000)
 ParOldGen       total 1263104K, used 1263004K [0x0000000084800000, 0x00000000d1980000, 0x00000000d6d80000)
  object space 1263104K, 99% used [0x0000000084800000,0x00000000d19672c0,0x00000000d1980000)
 Metaspace       used 2694K, capacity 4566K, committed 4864K, reserved 1056768K
  class space    used 282K, capacity 390K, committed 512K, reserved 1048576K
GC Heap History (10 events):
Event: 8.991 GC heap after
Heap after GC invocations=14 (full 4):
 PSYoungGen      total 371200K, used 224768K [0x00000000d6d80000, 0x00000000fbc00000, 0x0000000100000000)
  eden space 146432K, 0% used [0x00000000d6d80000,0x00000000d6d80000,0x00000000dfc80000)
  from space 224768K, 100% used [0x00000000ee080000,0x00000000fbc00000,0x00000000fbc00000)
  to   space 224768K, 0% used [0x00000000e0500000,0x00000000e0500000,0x00000000ee080000)
 ParOldGen       total 839680K, used 592456K [0x0000000084800000, 0x00000000b7c00000, 0x00000000d6d80000)
  object space 839680K, 70% used [0x0000000084800000,0x00000000a8a92328,0x00000000b7c00000)
 Metaspace       used 2694K, capacity 4566K, committed 4864K, reserved 1056768K
  class space    used 282K, capacity 390K, committed 512K, reserved 1048576K
}
Event: 9.085 GC heap before
{Heap before GC invocations=15 (full 4):
 PSYoungGen      total 371200K, used 371200K [0x00000000d6d80000, 0x00000000fbc00000, 0x0000000100000000)
  eden space 146432K, 100% used [0x00000000d6d80000,0x00000000dfc80000,0x00000000dfc80000)
  from space 224768K, 100% used [0x00000000ee080000,0x00000000fbc00000,0x00000000fbc00000)
  to   space 224768K, 0% used [0x00000000e0500000,0x00000000e0500000,0x00000000ee080000)
 ParOldGen       total 839680K, used 592456K [0x0000000084800000, 0x00000000b7c00000, 0x00000000d6d80000)
  object space 839680K, 70% used [0x0000000084800000,0x00000000a8a92328,0x00000000b7c00000)
 Metaspace       used 2694K, capacity 4566K, committed 4864K, reserved 1056768K
  class space    used 282K, capacity 390K, committed 512K, reserved 1048576K
Event: 9.431 GC heap after
Heap after GC invocations=15 (full 4):
 PSYoungGen      total 379904K, used 224768K [0x00000000d6d80000, 0x00000000fe280000, 0x0000000100000000)
  eden space 155136K, 0% used [0x00000000d6d80000,0x00000000d6d80000,0x00000000e0500000)
  from space 224768K, 100% used [0x00000000e0500000,0x00000000ee080000,0x00000000ee080000)
  to   space 224768K, 0% used [0x00000000f0700000,0x00000000f0700000,0x00000000fe280000)
 ParOldGen       total 839680K, used 739456K [0x0000000084800000, 0x00000000b7c00000, 0x00000000d6d80000)
  object space 839680K, 88% used [0x0000000084800000,0x00000000b1a20328,0x00000000b7c00000)
 Metaspace       used 2694K, capacity 4566K, committed 4864K, reserved 1056768K
  class space    used 282K, capacity 390K, committed 512K, reserved 1048576K
}
Event: 9.431 GC heap before
{Heap before GC invocations=16 (full 5):
 PSYoungGen      total 379904K, used 224768K [0x00000000d6d80000, 0x00000000fe280000, 0x0000000100000000)
  eden space 155136K, 0% used [0x00000000d6d80000,0x00000000d6d80000,0x00000000e0500000)
  from space 224768K, 100% used [0x00000000e0500000,0x00000000ee080000,0x00000000ee080000)
  to   space 224768K, 0% used [0x00000000f0700000,0x00000000f0700000,0x00000000fe280000)
 ParOldGen       total 839680K, used 739456K [0x0000000084800000, 0x00000000b7c00000, 0x00000000d6d80000)
  object space 839680K, 88% used [0x0000000084800000,0x00000000b1a20328,0x00000000b7c00000)
 Metaspace       used 2694K, capacity 4566K, committed 4864K, reserved 1056768K
  class space    used 282K, capacity 390K, committed 512K, reserved 1048576K
Event: 12.941 GC heap after
Heap after GC invocations=16 (full 5):
 PSYoungGen      total 379904K, used 123783K [0x00000000d6d80000, 0x00000000fe280000, 0x0000000100000000)
  eden space 155136K, 0% used [0x00000000d6d80000,0x00000000d6d80000,0x00000000e0500000)
  from space 224768K, 55% used [0x00000000e0500000,0x00000000e7de1c00,0x00000000ee080000)
  to   space 224768K, 0% used [0x00000000f0700000,0x00000000f0700000,0x00000000fe280000)
 ParOldGen       total 1263104K, used 839332K [0x0000000084800000, 0x00000000d1980000, 0x00000000d6d80000)
  object space 1263104K, 66% used [0x0000000084800000,0x00000000b7ba9320,0x00000000d1980000)
 Metaspace       used 2694K, capacity 4566K, committed 4864K, reserved 1056768K
  class space    used 282K, capacity 390K, committed 512K, reserved 1048576K
}
Event: 13.041 GC heap before
{Heap before GC invocations=17 (full 5):
 PSYoungGen      total 379904K, used 278919K [0x00000000d6d80000, 0x00000000fe280000, 0x0000000100000000)
  eden space 155136K, 100% used [0x00000000d6d80000,0x00000000e0500000,0x00000000e0500000)
  from space 224768K, 55% used [0x00000000e0500000,0x00000000e7de1c00,0x00000000ee080000)
  to   space 224768K, 0% used [0x00000000f0700000,0x00000000f0700000,0x00000000fe280000)
 ParOldGen       total 1263104K, used 839332K [0x0000000084800000, 0x00000000d1980000, 0x00000000d6d80000)
  object space 1263104K, 66% used [0x0000000084800000,0x00000000b7ba9320,0x00000000d1980000)
 Metaspace       used 2694K, capacity 4566K, committed 4864K, reserved 1056768K
  class space    used 282K, capacity 390K, committed 512K, reserved 1048576K
Event: 13.328 GC heap after
Heap after GC invocations=17 (full 5):
 PSYoungGen      total 419328K, used 217408K [0x00000000d6d80000, 0x00000000fe300000, 0x0000000100000000)
  eden space 194560K, 0% used [0x00000000d6d80000,0x00000000d6d80000,0x00000000e2b80000)
  from space 224768K, 96% used [0x00000000f0700000,0x00000000fdb50000,0x00000000fe280000)
  to   space 224768K, 0% used [0x00000000e2b80000,0x00000000e2b80000,0x00000000f0700000)
 ParOldGen       total 1263104K, used 901372K [0x0000000084800000, 0x00000000d1980000, 0x00000000d6d80000)
  object space 1263104K, 71% used [0x0000000084800000,0x00000000bb83f320,0x00000000d1980000)
 Metaspace       used 2694K, capacity 4566K, committed 4864K, reserved 1056768K
  class space    used 282K, capacity 390K, committed 512K, reserved 1048576K
}
Event: 13.454 GC heap before
{Heap before GC invocations=18 (full 5):
 PSYoungGen      total 419328K, used 411968K [0x00000000d6d80000, 0x00000000fe300000, 0x0000000100000000)
  eden space 194560K, 100% used [0x00000000d6d80000,0x00000000e2b80000,0x00000000e2b80000)
  from space 224768K, 96% used [0x00000000f0700000,0x00000000fdb50000,0x00000000fe280000)
  to   space 224768K, 0% used [0x00000000e2b80000,0x00000000e2b80000,0x00000000f0700000)
 ParOldGen       total 1263104K, used 901372K [0x0000000084800000, 0x00000000d1980000, 0x00000000d6d80000)
  object space 1263104K, 71% used [0x0000000084800000,0x00000000bb83f320,0x00000000d1980000)
 Metaspace       used 2694K, capacity 4566K, committed 4864K, reserved 1056768K
  class space    used 282K, capacity 390K, committed 512K, reserved 1048576K
Event: 13.929 GC heap after
Heap after GC invocations=18 (full 5):
 PSYoungGen      total 419328K, used 194816K [0x00000000d6d80000, 0x0000000100000000, 0x0000000100000000)
  eden space 194560K, 0% used [0x00000000d6d80000,0x00000000d6d80000,0x00000000e2b80000)
  from space 224768K, 86% used [0x00000000e2b80000,0x00000000ee9c0000,0x00000000f0700000)
  to   space 224768K, 0% used [0x00000000f2480000,0x00000000f2480000,0x0000000100000000)
 ParOldGen       total 1263104K, used 1119364K [0x0000000084800000, 0x00000000d1980000, 0x00000000d6d80000)
  object space 1263104K, 88% used [0x0000000084800000,0x00000000c8d21320,0x00000000d1980000)
 Metaspace       used 2694K, capacity 4566K, committed 4864K, reserved 1056768K
  class space    used 282K, capacity 390K, committed 512K, reserved 1048576K
}
Event: 13.930 GC heap before
{Heap before GC invocations=19 (full 6):
 PSYoungGen      total 419328K, used 194816K [0x00000000d6d80000, 0x0000000100000000, 0x0000000100000000)
  eden space 194560K, 0% used [0x00000000d6d80000,0x00000000d6d80000,0x00000000e2b80000)
  from space 224768K, 86% used [0x00000000e2b80000,0x00000000ee9c0000,0x00000000f0700000)
  to   space 224768K, 0% used [0x00000000f2480000,0x00000000f2480000,0x0000000100000000)
 ParOldGen       total 1263104K, used 1119364K [0x0000000084800000, 0x00000000d1980000, 0x00000000d6d80000)
  object space 1263104K, 88% used [0x0000000084800000,0x00000000c8d21320,0x00000000d1980000)
 Metaspace       used 2694K, capacity 4566K, committed 4864K, reserved 1056768K
  class space    used 282K, capacity 390K, committed 512K, reserved 1048576K

